[debug] [2022-11-09T05:56:40.885Z] ----------------------------------------------------------------------
[debug] [2022-11-09T05:56:40.887Z] Command:       C:\Program Files\nodejs\node.exe C:\Users\Abu Taher\AppData\Roaming\npm\node_modules\firebase-tools\lib\bin\firebase.js init
[debug] [2022-11-09T05:56:40.888Z] CLI Version:   11.15.0
[debug] [2022-11-09T05:56:40.888Z] Platform:      win32
[debug] [2022-11-09T05:56:40.888Z] Node Version:  v18.12.0
[debug] [2022-11-09T05:56:40.907Z] Time:          Wed Nov 09 2022 11:56:40 GMT+0600 (Omsk Standard Time)
[debug] [2022-11-09T05:56:40.907Z] ----------------------------------------------------------------------
[debug] 
[debug] [2022-11-09T05:56:40.911Z] >>> [apiv2][query] GET https://firebase-public.firebaseio.com/cli.json [none]
[debug] [2022-11-09T05:56:40.952Z] > command requires scopes: ["email","openid","https://www.googleapis.com/auth/cloudplatformprojects.readonly","https://www.googleapis.com/auth/firebase","https://www.googleapis.com/auth/cloud-platform"]
[debug] [2022-11-09T05:56:40.952Z] > authorizing via signed-in user (writerabutaher@gmail.com)
[info] 
     ######## #### ########  ######## ########     ###     ######  ########
     ##        ##  ##     ## ##       ##     ##  ##   ##  ##       ##
     ######    ##  ########  ######   ########  #########  ######  ######
     ##        ##  ##    ##  ##       ##     ## ##     ##       ## ##
     ##       #### ##     ## ######## ########  ##     ##  ######  ########

You're about to initialize a Firebase project in this directory:

  C:\Assignment\Eye Care\eye-care-client

Before we get started, keep in mind:

  * You are currently outside your home directory

[debug] [2022-11-09T05:56:41.621Z] <<< [apiv2][status] GET https://firebase-public.firebaseio.com/cli.json 200
[debug] [2022-11-09T05:56:41.622Z] <<< [apiv2][body] GET https://firebase-public.firebaseio.com/cli.json {"cloudBuildErrorAfter":1594252800000,"cloudBuildWarnAfter":1590019200000,"defaultNode10After":1594252800000,"minVersion":"3.0.5","node8DeploysDisabledAfter":1613390400000,"node8RuntimeDisabledAfter":1615809600000,"node8WarnAfter":1600128000000}
[info] 
=== Project Setup
[info] 
[info] First, let's associate this project directory with a Firebase project.
[info] You can create multiple project aliases by running firebase use --add, 
[info] but for now we'll just set up a default project.
[info] 
[debug] [2022-11-09T05:58:27.357Z] > refreshing access token with scopes: []
[debug] [2022-11-09T05:58:27.358Z] >>> [apiv2][query] POST https://www.googleapis.com/oauth2/v3/token [none]
[debug] [2022-11-09T05:58:27.358Z] >>> [apiv2][body] POST https://www.googleapis.com/oauth2/v3/token [omitted]
[debug] [2022-11-09T05:58:27.740Z] <<< [apiv2][status] POST https://www.googleapis.com/oauth2/v3/token 200
[debug] [2022-11-09T05:58:27.740Z] <<< [apiv2][body] POST https://www.googleapis.com/oauth2/v3/token [omitted]
[debug] [2022-11-09T05:58:27.752Z] >>> [apiv2][query] GET https://firebase.googleapis.com/v1beta1/projects pageSize=100
[debug] [2022-11-09T05:58:28.628Z] <<< [apiv2][status] GET https://firebase.googleapis.com/v1beta1/projects 200
[debug] [2022-11-09T05:58:28.628Z] <<< [apiv2][body] GET https://firebase.googleapis.com/v1beta1/projects [omitted]
